{
"/Users/moshe/MyProjects/angular-seed/app/test.ts":{"path":"/Users/moshe/MyProjects/angular-seed/app/test.ts","statementMap":{"0":{"start":{"line":1,"column":0},"end":{"line":1,"column":30}},"1":{"start":{"line":2,"column":0},"end":{"line":2,"column":52}},"2":{"start":{"line":4,"column":4},"end":{"line":4,"column":24}}},"fnMap":{"0":{"name":"requireAll","decl":{"start":{"line":3,"column":9},"end":{"line":3,"column":19}},"loc":{"start":{"line":3,"column":23},"end":{"line":5,"column":1}}}},"branchMap":{},"s":{"0":1,"1":1,"2":1},"f":{"0":1},"b":{},"_coverageSchema":"332fd63041d2c1bcb487cc26dd0d5f7d97098a6c","hash":"27392aa7510d67f9077d3d5f0a91d2d596bbd648","l":{"1":1,"2":1,"4":1}},
"/Users/moshe/MyProjects/angular-seed/app/components/version/version.ts":{"path":"/Users/moshe/MyProjects/angular-seed/app/components/version/version.ts","statementMap":{"0":{"start":{"line":2,"column":26},"end":{"line":2,"column":56}},"1":{"start":{"line":3,"column":27},"end":{"line":3,"column":58}},"2":{"start":{"line":4,"column":14},"end":{"line":4,"column":32}},"3":{"start":{"line":5,"column":0},"end":{"line":5,"column":24}},"4":{"start":{"line":6,"column":0},"end":{"line":6,"column":110}},"5":{"start":{"line":7,"column":0},"end":{"line":7,"column":111}},"6":{"start":{"line":8,"column":0},"end":{"line":12,"column":39}}},"fnMap":{},"branchMap":{},"s":{"0":1,"1":1,"2":1,"3":1,"4":1,"5":1,"6":1},"f":{},"b":{},"_coverageSchema":"332fd63041d2c1bcb487cc26dd0d5f7d97098a6c","hash":"cf84248e309146fa7d1f49203c8f610e8bb2cf19","l":{"2":1,"3":1,"4":1,"5":1,"6":1,"7":1,"8":1}},
"/Users/moshe/MyProjects/angular-seed/app/components/version/version-directive.ts":{"path":"/Users/moshe/MyProjects/angular-seed/app/components/version/version-directive.ts","statementMap":{"0":{"start":{"line":3,"column":4},"end":{"line":9,"column":6}},"1":{"start":{"line":6,"column":12},"end":{"line":6,"column":40}},"2":{"start":{"line":7,"column":12},"end":{"line":7,"column":30}},"3":{"start":{"line":11,"column":0},"end":{"line":11,"column":32}}},"fnMap":{"0":{"name":"appVersion","decl":{"start":{"line":2,"column":9},"end":{"line":2,"column":19}},"loc":{"start":{"line":2,"column":29},"end":{"line":10,"column":1}}},"1":{"name":"(anonymous_1)","decl":{"start":{"line":5,"column":14},"end":{"line":5,"column":15}},"loc":{"start":{"line":5,"column":43},"end":{"line":8,"column":9}}}},"branchMap":{},"s":{"0":1,"1":1,"2":1,"3":1},"f":{"0":1,"1":1},"b":{},"_coverageSchema":"332fd63041d2c1bcb487cc26dd0d5f7d97098a6c","hash":"489513cc7396811d0c475601cd7706356af88850","l":{"3":1,"6":1,"7":1,"11":1}},
"/Users/moshe/MyProjects/angular-seed/app/components/version/interpolate-filter.ts":{"path":"/Users/moshe/MyProjects/angular-seed/app/components/version/interpolate-filter.ts","statementMap":{"0":{"start":{"line":3,"column":4},"end":{"line":5,"column":6}},"1":{"start":{"line":4,"column":8},"end":{"line":4,"column":62}},"2":{"start":{"line":7,"column":0},"end":{"line":7,"column":34}}},"fnMap":{"0":{"name":"interpolate","decl":{"start":{"line":2,"column":9},"end":{"line":2,"column":20}},"loc":{"start":{"line":2,"column":30},"end":{"line":6,"column":1}}},"1":{"name":"(anonymous_1)","decl":{"start":{"line":3,"column":11},"end":{"line":3,"column":12}},"loc":{"start":{"line":3,"column":27},"end":{"line":5,"column":5}}}},"branchMap":{},"s":{"0":1,"1":1,"2":1},"f":{"0":1,"1":1},"b":{},"_coverageSchema":"332fd63041d2c1bcb487cc26dd0d5f7d97098a6c","hash":"d08e0441ffce66d0197a4d35369f3bc792de24bf","l":{"3":1,"4":1,"7":1}},
"/Users/moshe/MyProjects/angular-seed/app/view1/view1.ts":{"path":"/Users/moshe/MyProjects/angular-seed/app/view1/view1.ts","statementMap":{"0":{"start":{"line":2,"column":14},"end":{"line":2,"column":32}},"1":{"start":{"line":3,"column":0},"end":{"line":4,"column":2}},"2":{"start":{"line":5,"column":0},"end":{"line":12,"column":50}},"3":{"start":{"line":7,"column":8},"end":{"line":10,"column":11}}},"fnMap":{"0":{"name":"(anonymous_0)","decl":{"start":{"line":3,"column":20},"end":{"line":3,"column":21}},"loc":{"start":{"line":3,"column":32},"end":{"line":4,"column":1}}},"1":{"name":"(anonymous_1)","decl":{"start":{"line":6,"column":31},"end":{"line":6,"column":32}},"loc":{"start":{"line":6,"column":57},"end":{"line":11,"column":5}}}},"branchMap":{},"s":{"0":1,"1":1,"2":1,"3":0},"f":{"0":0,"1":0},"b":{},"_coverageSchema":"332fd63041d2c1bcb487cc26dd0d5f7d97098a6c","hash":"7df9afb6219e5b7a3a4d99dc6608f686f1f45fa7","l":{"2":1,"3":1,"5":1,"7":0}},
"/Users/moshe/MyProjects/angular-seed/app/view2/view2.ts":{"path":"/Users/moshe/MyProjects/angular-seed/app/view2/view2.ts","statementMap":{"0":{"start":{"line":2,"column":14},"end":{"line":2,"column":32}},"1":{"start":{"line":3,"column":0},"end":{"line":4,"column":2}},"2":{"start":{"line":5,"column":0},"end":{"line":12,"column":50}},"3":{"start":{"line":7,"column":8},"end":{"line":10,"column":11}}},"fnMap":{"0":{"name":"(anonymous_0)","decl":{"start":{"line":3,"column":20},"end":{"line":3,"column":21}},"loc":{"start":{"line":3,"column":32},"end":{"line":4,"column":1}}},"1":{"name":"(anonymous_1)","decl":{"start":{"line":6,"column":31},"end":{"line":6,"column":32}},"loc":{"start":{"line":6,"column":57},"end":{"line":11,"column":5}}}},"branchMap":{},"s":{"0":1,"1":1,"2":1,"3":0},"f":{"0":0,"1":0},"b":{},"_coverageSchema":"332fd63041d2c1bcb487cc26dd0d5f7d97098a6c","hash":"595977c30aef8a3bc6deb74d238de427c2c7eeed","l":{"2":1,"3":1,"5":1,"7":0}}}
